<?xml version="1.0" encoding="UTF-8"?>
<!-- Generated by org.testng.reporters.JUnitXMLReporter -->
<testsuite hostname="LAPTOP-IN3O14F1" ignored="6" name="Test1" tests="7" failures="2" timestamp="2022-06-24T08:20:53 IST" time="54.728" errors="0">
  <testcase name="login_ActiTime" time="6.679" classname="common_tests.CommonTest">
    <failure type="java.lang.AssertionError" message="expected [Enter Time-Track for] but found [Enter Time-Track fo r]">
      <![CDATA[java.lang.AssertionError: expected [Enter Time-Track for] but found [Enter Time-Track fo r]
at common_tests.CommonTest.login_ActiTime(CommonTest.java:29)
at java.util.ArrayList.forEach(Unknown Source)
... Removed 32 stack frames]]>
    </failure>
  </testcase> <!-- login_ActiTime -->
  <testcase name="createTasks" time="6.148" classname="enter_TimeTrack.CreateCustomer"/>
  <testcase name="createTasks" time="5.803" classname="enter_TimeTrack.CreateCustomer"/>
  <testcase name="createTasks" time="5.818" classname="enter_TimeTrack.CreateCustomer"/>
  <testcase name="createTasks" time="5.444" classname="enter_TimeTrack.CreateCustomer"/>
  <testcase name="createTasks" time="5.459" classname="enter_TimeTrack.CreateCustomer"/>
  <testcase name="report" time="16.783" classname="reports.Reports">
    <failure type="org.openqa.selenium.NoSuchElementException" message="no such element: Unable to locate element: {&amp;quot;method&amp;quot;:&amp;quot;xpath&amp;quot;,&amp;quot;selector&amp;quot;:&amp;quot;//div//div[@class=&amp;apos;containers-CustomFieldsReport-title--2v110BXG&amp;apos; and contains(text(), &amp;apos;Custom Fields Report&amp;apos;)]&amp;quot;}
  (Session info: chrome=103.0.5060.53)
For documentation on this error, please visit: https://www.seleniumhq.org/exceptions/no_such_element.html
Build info: version: &amp;apos;3.141.59&amp;apos;, revision: &amp;apos;e82be7d358&amp;apos;, time: &amp;apos;2018-11-14T08:17:03&amp;apos;
System info: host: &amp;apos;LAPTOP-IN3O14F1&amp;apos;, ip: &amp;apos;192.168.1.9&amp;apos;, os.name: &amp;apos;Windows 10&amp;apos;, os.arch: &amp;apos;amd64&amp;apos;, os.version: &amp;apos;10.0&amp;apos;, java.version: &amp;apos;1.8.0_311&amp;apos;
Driver info: org.openqa.selenium.chrome.ChromeDriver
Capabilities {acceptInsecureCerts: false, browserName: chrome, browserVersion: 103.0.5060.53, chrome: {chromedriverVersion: 102.0.5005.61 (0e59bcc00cc4..., userDataDir: C:\Users\uniqu\AppData\Loca...}, goog:chromeOptions: {debuggerAddress: localhost:64951}, javascriptEnabled: true, networkConnectionEnabled: false, pageLoadStrategy: normal, platform: WINDOWS, platformName: WINDOWS, proxy: Proxy(), setWindowRect: true, strictFileInteractability: false, timeouts: {implicit: 0, pageLoad: 300000, script: 30000}, unhandledPromptBehavior: dismiss and notify, webauthn:extension:credBlob: true, webauthn:extension:largeBlob: true, webauthn:virtualAuthenticators: true}
Session ID: f33d00558e8768b0abca1c5c7d94ffc5
*** Element info: {Using=xpath, value=//div//div[@class=&amp;apos;containers-CustomFieldsReport-title--2v110BXG&amp;apos; and contains(text(), &amp;apos;Custom Fields Report&amp;apos;)]}">
      <![CDATA[org.openqa.selenium.NoSuchElementException: no such element: Unable to locate element: {"method":"xpath","selector":"//div//div[@class='containers-CustomFieldsReport-title--2v110BXG' and contains(text(), 'Custom Fields Report')]"}
  (Session info: chrome=103.0.5060.53)
For documentation on this error, please visit: https://www.seleniumhq.org/exceptions/no_such_element.html
Build info: version: '3.141.59', revision: 'e82be7d358', time: '2018-11-14T08:17:03'
System info: host: 'LAPTOP-IN3O14F1', ip: '192.168.1.9', os.name: 'Windows 10', os.arch: 'amd64', os.version: '10.0', java.version: '1.8.0_311'
Driver info: org.openqa.selenium.chrome.ChromeDriver
Capabilities {acceptInsecureCerts: false, browserName: chrome, browserVersion: 103.0.5060.53, chrome: {chromedriverVersion: 102.0.5005.61 (0e59bcc00cc4..., userDataDir: C:\Users\uniqu\AppData\Loca...}, goog:chromeOptions: {debuggerAddress: localhost:64951}, javascriptEnabled: true, networkConnectionEnabled: false, pageLoadStrategy: normal, platform: WINDOWS, platformName: WINDOWS, proxy: Proxy(), setWindowRect: true, strictFileInteractability: false, timeouts: {implicit: 0, pageLoad: 300000, script: 30000}, unhandledPromptBehavior: dismiss and notify, webauthn:extension:credBlob: true, webauthn:extension:largeBlob: true, webauthn:virtualAuthenticators: true}
Session ID: f33d00558e8768b0abca1c5c7d94ffc5
*** Element info: {Using=xpath, value=//div//div[@class='containers-CustomFieldsReport-title--2v110BXG' and contains(text(), 'Custom Fields Report')]}
at org.openqa.selenium.remote.http.W3CHttpResponseCodec.createException(W3CHttpResponseCodec.java:187)
at org.openqa.selenium.remote.http.W3CHttpResponseCodec.decode(W3CHttpResponseCodec.java:122)
at org.openqa.selenium.remote.http.W3CHttpResponseCodec.decode(W3CHttpResponseCodec.java:49)
at org.openqa.selenium.remote.HttpCommandExecutor.execute(HttpCommandExecutor.java:158)
at org.openqa.selenium.remote.service.DriverCommandExecutor.execute(DriverCommandExecutor.java:83)
at org.openqa.selenium.remote.RemoteWebDriver.execute(RemoteWebDriver.java:552)
at org.openqa.selenium.remote.RemoteWebDriver.findElement(RemoteWebDriver.java:323)
at org.openqa.selenium.remote.RemoteWebDriver.findElementByXPath(RemoteWebDriver.java:428)
at org.openqa.selenium.By$ByXPath.findElement(By.java:353)
at org.openqa.selenium.remote.RemoteWebDriver.findElement(RemoteWebDriver.java:315)
at reports.Reports.report(Reports.java:34)
at java.util.ArrayList.forEach(Unknown Source)
... Removed 31 stack frames]]>
    </failure>
  </testcase> <!-- report -->
  <testcase name="@BeforeTest setUp" time="0.0" classname="utilities.BaseClass1">
    <ignored/>
  </testcase> <!-- @BeforeTest setUp -->
  <testcase name="@BeforeTest setUp" time="0.0" classname="utilities.BaseClass1">
    <ignored/>
  </testcase> <!-- @BeforeTest setUp -->
  <testcase name="@AfterSuite closeConnection" time="0.0" classname="utilities.BaseClass1">
    <ignored/>
  </testcase> <!-- @AfterSuite closeConnection -->
  <testcase name="@AfterSuite closeConnection" time="0.0" classname="utilities.BaseClass1">
    <ignored/>
  </testcase> <!-- @AfterSuite closeConnection -->
  <testcase name="@BeforeSuite initialSetUp" time="0.0" classname="utilities.BaseClass1">
    <ignored/>
  </testcase> <!-- @BeforeSuite initialSetUp -->
  <testcase name="@BeforeSuite initialSetUp" time="0.0" classname="utilities.BaseClass1">
    <ignored/>
  </testcase> <!-- @BeforeSuite initialSetUp -->
</testsuite> <!-- Test1 -->
