<?xml version="1.0" encoding="UTF-8"?>
<testng-results ignored="6" total="13" passed="5" failed="2" skipped="0">
  <reporter-output>
  </reporter-output>
  <suite started-at="2022-06-26T07:42:51 IST" name="ActiTime_Suite" finished-at="2022-06-26T07:43:53 IST" duration-ms="61766">
    <groups>
      <group name="Sanity">
        <method signature="Reports.report()[pri:0, instance:reports.Reports@236e3f4e]" name="report" class="reports.Reports"/>
      </group> <!-- Sanity -->
      <group name="Regression">
        <method signature="CommonTest.login_ActiTime()[pri:0, instance:common_tests.CommonTest@157853da]" name="login_ActiTime" class="common_tests.CommonTest"/>
        <method signature="CreateCustomer.createTasks(java.lang.String)[pri:0, instance:enter_TimeTrack.CreateCustomer@71c3b41]" name="createTasks" class="enter_TimeTrack.CreateCustomer"/>
        <method signature="Reports.report()[pri:0, instance:reports.Reports@236e3f4e]" name="report" class="reports.Reports"/>
      </group> <!-- Regression -->
      <group name="Smoke">
        <method signature="CreateCustomer.createTasks(java.lang.String)[pri:0, instance:enter_TimeTrack.CreateCustomer@71c3b41]" name="createTasks" class="enter_TimeTrack.CreateCustomer"/>
      </group> <!-- Smoke -->
    </groups>
    <test started-at="2022-06-26T07:42:51 IST" name="Test1" finished-at="2022-06-26T07:43:53 IST" duration-ms="61766">
      <class name="reports.Reports">
        <test-method is-config="true" signature="setUpTestCase(java.lang.reflect.Method)[pri:0, instance:reports.Reports@236e3f4e]" started-at="2022-06-26T07:43:34 IST" name="setUpTestCase" finished-at="2022-06-26T07:43:34 IST" duration-ms="1" status="PASS">
          <params>
            <param index="0">
              <value>
                <![CDATA[public void reports.Reports.report() throws java.lang.InterruptedException]]>
              </value>
            </param>
          </params>
          <reporter-output>
          </reporter-output>
        </test-method> <!-- setUpTestCase -->
        <test-method signature="report()[pri:0, instance:reports.Reports@236e3f4e]" started-at="2022-06-26T07:43:34 IST" name="report" finished-at="2022-06-26T07:43:53 IST" duration-ms="18013" status="FAIL">
          <exception class="org.openqa.selenium.NoSuchElementException">
            <message>
              <![CDATA[no such element: Unable to locate element: {"method":"xpath","selector":"//div//div[@class='containers-CustomFieldsReport-title--2v110BXG' and contains(text(), 'Custom Fields Report')]"}
  (Session info: chrome=103.0.5060.53)
For documentation on this error, please visit: https://www.seleniumhq.org/exceptions/no_such_element.html
Build info: version: '3.141.59', revision: 'e82be7d358', time: '2018-11-14T08:17:03'
System info: host: 'LAPTOP-IN3O14F1', ip: '192.168.1.9', os.name: 'Windows 10', os.arch: 'amd64', os.version: '10.0', java.version: '11.0.13'
Driver info: org.openqa.selenium.chrome.ChromeDriver
Capabilities {acceptInsecureCerts: false, browserName: chrome, browserVersion: 103.0.5060.53, chrome: {chromedriverVersion: 102.0.5005.61 (0e59bcc00cc4..., userDataDir: C:\Users\uniqu\AppData\Loca...}, goog:chromeOptions: {debuggerAddress: localhost:54458}, javascriptEnabled: true, networkConnectionEnabled: false, pageLoadStrategy: normal, platform: WINDOWS, platformName: WINDOWS, proxy: Proxy(), setWindowRect: true, strictFileInteractability: false, timeouts: {implicit: 0, pageLoad: 300000, script: 30000}, unhandledPromptBehavior: dismiss and notify, webauthn:extension:credBlob: true, webauthn:extension:largeBlob: true, webauthn:virtualAuthenticators: true}
Session ID: ae07de7323f8be4e8c4be61183956377
*** Element info: {Using=xpath, value=//div//div[@class='containers-CustomFieldsReport-title--2v110BXG' and contains(text(), 'Custom Fields Report')]}]]>
            </message>
            <full-stacktrace>
              <![CDATA[org.openqa.selenium.NoSuchElementException: no such element: Unable to locate element: {"method":"xpath","selector":"//div//div[@class='containers-CustomFieldsReport-title--2v110BXG' and contains(text(), 'Custom Fields Report')]"}
  (Session info: chrome=103.0.5060.53)
For documentation on this error, please visit: https://www.seleniumhq.org/exceptions/no_such_element.html
Build info: version: '3.141.59', revision: 'e82be7d358', time: '2018-11-14T08:17:03'
System info: host: 'LAPTOP-IN3O14F1', ip: '192.168.1.9', os.name: 'Windows 10', os.arch: 'amd64', os.version: '10.0', java.version: '11.0.13'
Driver info: org.openqa.selenium.chrome.ChromeDriver
Capabilities {acceptInsecureCerts: false, browserName: chrome, browserVersion: 103.0.5060.53, chrome: {chromedriverVersion: 102.0.5005.61 (0e59bcc00cc4..., userDataDir: C:\Users\uniqu\AppData\Loca...}, goog:chromeOptions: {debuggerAddress: localhost:54458}, javascriptEnabled: true, networkConnectionEnabled: false, pageLoadStrategy: normal, platform: WINDOWS, platformName: WINDOWS, proxy: Proxy(), setWindowRect: true, strictFileInteractability: false, timeouts: {implicit: 0, pageLoad: 300000, script: 30000}, unhandledPromptBehavior: dismiss and notify, webauthn:extension:credBlob: true, webauthn:extension:largeBlob: true, webauthn:virtualAuthenticators: true}
Session ID: ae07de7323f8be4e8c4be61183956377
*** Element info: {Using=xpath, value=//div//div[@class='containers-CustomFieldsReport-title--2v110BXG' and contains(text(), 'Custom Fields Report')]}
at java.base/jdk.internal.reflect.NativeConstructorAccessorImpl.newInstance0(Native Method)
at java.base/jdk.internal.reflect.NativeConstructorAccessorImpl.newInstance(NativeConstructorAccessorImpl.java:62)
at java.base/jdk.internal.reflect.DelegatingConstructorAccessorImpl.newInstance(DelegatingConstructorAccessorImpl.java:45)
at java.base/java.lang.reflect.Constructor.newInstance(Constructor.java:490)
at org.openqa.selenium.remote.http.W3CHttpResponseCodec.createException(W3CHttpResponseCodec.java:187)
at org.openqa.selenium.remote.http.W3CHttpResponseCodec.decode(W3CHttpResponseCodec.java:122)
at org.openqa.selenium.remote.http.W3CHttpResponseCodec.decode(W3CHttpResponseCodec.java:49)
at org.openqa.selenium.remote.HttpCommandExecutor.execute(HttpCommandExecutor.java:158)
at org.openqa.selenium.remote.service.DriverCommandExecutor.execute(DriverCommandExecutor.java:83)
at org.openqa.selenium.remote.RemoteWebDriver.execute(RemoteWebDriver.java:552)
at org.openqa.selenium.remote.RemoteWebDriver.findElement(RemoteWebDriver.java:323)
at org.openqa.selenium.remote.RemoteWebDriver.findElementByXPath(RemoteWebDriver.java:428)
at org.openqa.selenium.By$ByXPath.findElement(By.java:353)
at org.openqa.selenium.remote.RemoteWebDriver.findElement(RemoteWebDriver.java:315)
at reports.Reports.report(Reports.java:35)
at java.base/jdk.internal.reflect.NativeMethodAccessorImpl.invoke0(Native Method)
at java.base/jdk.internal.reflect.NativeMethodAccessorImpl.invoke(NativeMethodAccessorImpl.java:62)
at java.base/jdk.internal.reflect.DelegatingMethodAccessorImpl.invoke(DelegatingMethodAccessorImpl.java:43)
at java.base/java.lang.reflect.Method.invoke(Method.java:566)
at org.testng.internal.MethodInvocationHelper.invokeMethod(MethodInvocationHelper.java:134)
at org.testng.internal.TestInvoker.invokeMethod(TestInvoker.java:597)
at org.testng.internal.TestInvoker.invokeTestMethod(TestInvoker.java:173)
at org.testng.internal.MethodRunner.runInSequence(MethodRunner.java:46)
at org.testng.internal.TestInvoker$MethodInvocationAgent.invoke(TestInvoker.java:816)
at org.testng.internal.TestInvoker.invokeTestMethods(TestInvoker.java:146)
at org.testng.internal.TestMethodWorker.invokeTestMethods(TestMethodWorker.java:146)
at org.testng.internal.TestMethodWorker.run(TestMethodWorker.java:128)
at java.base/java.util.ArrayList.forEach(ArrayList.java:1541)
at org.testng.TestRunner.privateRun(TestRunner.java:766)
at org.testng.TestRunner.run(TestRunner.java:587)
at org.testng.SuiteRunner.runTest(SuiteRunner.java:384)
at org.testng.SuiteRunner.runSequentially(SuiteRunner.java:378)
at org.testng.SuiteRunner.privateRun(SuiteRunner.java:337)
at org.testng.SuiteRunner.run(SuiteRunner.java:286)
at org.testng.SuiteRunnerWorker.runSuite(SuiteRunnerWorker.java:53)
at org.testng.SuiteRunnerWorker.run(SuiteRunnerWorker.java:96)
at org.testng.TestNG.runSuitesSequentially(TestNG.java:1187)
at org.testng.TestNG.runSuitesLocally(TestNG.java:1109)
at org.testng.TestNG.runSuites(TestNG.java:1039)
at org.testng.TestNG.run(TestNG.java:1007)
at org.apache.maven.surefire.testng.TestNGExecutor.run(TestNGExecutor.java:324)
at org.apache.maven.surefire.testng.TestNGXmlTestSuite.execute(TestNGXmlTestSuite.java:74)
at org.apache.maven.surefire.testng.TestNGProvider.invoke(TestNGProvider.java:123)
at org.apache.maven.surefire.booter.ForkedBooter.runSuitesInProcess(ForkedBooter.java:456)
at org.apache.maven.surefire.booter.ForkedBooter.execute(ForkedBooter.java:169)
at org.apache.maven.surefire.booter.ForkedBooter.run(ForkedBooter.java:595)
at org.apache.maven.surefire.booter.ForkedBooter.main(ForkedBooter.java:581)
]]>
            </full-stacktrace>
          </exception> <!-- org.openqa.selenium.NoSuchElementException -->
          <reporter-output>
          </reporter-output>
        </test-method> <!-- report -->
      </class> <!-- reports.Reports -->
      <class name="common_tests.CommonTest">
        <test-method is-config="true" signature="initialSetUp()[pri:0, instance:common_tests.CommonTest@157853da]" started-at="2022-06-26T07:42:42 IST" name="initialSetUp" finished-at="2022-06-26T07:42:51 IST" duration-ms="8521" status="PASS">
          <reporter-output>
          </reporter-output>
        </test-method> <!-- initialSetUp -->
        <test-method is-config="true" signature="setUp()[pri:0, instance:common_tests.CommonTest@157853da]" started-at="2022-06-26T07:42:51 IST" name="setUp" finished-at="2022-06-26T07:42:51 IST" duration-ms="33" status="PASS">
          <reporter-output>
          </reporter-output>
        </test-method> <!-- setUp -->
        <test-method is-config="true" signature="setUpTestCase(java.lang.reflect.Method)[pri:0, instance:common_tests.CommonTest@157853da]" started-at="2022-06-26T07:42:51 IST" name="setUpTestCase" finished-at="2022-06-26T07:42:51 IST" duration-ms="10" status="PASS">
          <params>
            <param index="0">
              <value>
                <![CDATA[public void common_tests.CommonTest.login_ActiTime() throws java.lang.InterruptedException,java.io.IOException]]>
              </value>
            </param>
          </params>
          <reporter-output>
          </reporter-output>
        </test-method> <!-- setUpTestCase -->
        <test-method signature="login_ActiTime()[pri:0, instance:common_tests.CommonTest@157853da]" started-at="2022-06-26T07:42:51 IST" name="login_ActiTime" finished-at="2022-06-26T07:43:02 IST" duration-ms="10397" status="FAIL">
          <exception class="java.lang.AssertionError">
            <message>
              <![CDATA[expected [Enter Time-Track for] but found [Enter Time-Track fo r]]]>
            </message>
            <full-stacktrace>
              <![CDATA[java.lang.AssertionError: expected [Enter Time-Track for] but found [Enter Time-Track fo r]
at org.testng.Assert.fail(Assert.java:97)
at org.testng.Assert.assertEqualsImpl(Assert.java:136)
at org.testng.Assert.assertEquals(Assert.java:118)
at org.testng.Assert.assertEquals(Assert.java:575)
at org.testng.Assert.assertEquals(Assert.java:585)
at common_tests.CommonTest.login_ActiTime(CommonTest.java:29)
at java.base/jdk.internal.reflect.NativeMethodAccessorImpl.invoke0(Native Method)
at java.base/jdk.internal.reflect.NativeMethodAccessorImpl.invoke(NativeMethodAccessorImpl.java:62)
at java.base/jdk.internal.reflect.DelegatingMethodAccessorImpl.invoke(DelegatingMethodAccessorImpl.java:43)
at java.base/java.lang.reflect.Method.invoke(Method.java:566)
at org.testng.internal.MethodInvocationHelper.invokeMethod(MethodInvocationHelper.java:134)
at org.testng.internal.TestInvoker.invokeMethod(TestInvoker.java:597)
at org.testng.internal.TestInvoker.invokeTestMethod(TestInvoker.java:173)
at org.testng.internal.MethodRunner.runInSequence(MethodRunner.java:46)
at org.testng.internal.TestInvoker$MethodInvocationAgent.invoke(TestInvoker.java:816)
at org.testng.internal.TestInvoker.invokeTestMethods(TestInvoker.java:146)
at org.testng.internal.TestMethodWorker.invokeTestMethods(TestMethodWorker.java:146)
at org.testng.internal.TestMethodWorker.run(TestMethodWorker.java:128)
at java.base/java.util.ArrayList.forEach(ArrayList.java:1541)
at org.testng.TestRunner.privateRun(TestRunner.java:766)
at org.testng.TestRunner.run(TestRunner.java:587)
at org.testng.SuiteRunner.runTest(SuiteRunner.java:384)
at org.testng.SuiteRunner.runSequentially(SuiteRunner.java:378)
at org.testng.SuiteRunner.privateRun(SuiteRunner.java:337)
at org.testng.SuiteRunner.run(SuiteRunner.java:286)
at org.testng.SuiteRunnerWorker.runSuite(SuiteRunnerWorker.java:53)
at org.testng.SuiteRunnerWorker.run(SuiteRunnerWorker.java:96)
at org.testng.TestNG.runSuitesSequentially(TestNG.java:1187)
at org.testng.TestNG.runSuitesLocally(TestNG.java:1109)
at org.testng.TestNG.runSuites(TestNG.java:1039)
at org.testng.TestNG.run(TestNG.java:1007)
at org.apache.maven.surefire.testng.TestNGExecutor.run(TestNGExecutor.java:324)
at org.apache.maven.surefire.testng.TestNGXmlTestSuite.execute(TestNGXmlTestSuite.java:74)
at org.apache.maven.surefire.testng.TestNGProvider.invoke(TestNGProvider.java:123)
at org.apache.maven.surefire.booter.ForkedBooter.runSuitesInProcess(ForkedBooter.java:456)
at org.apache.maven.surefire.booter.ForkedBooter.execute(ForkedBooter.java:169)
at org.apache.maven.surefire.booter.ForkedBooter.run(ForkedBooter.java:595)
at org.apache.maven.surefire.booter.ForkedBooter.main(ForkedBooter.java:581)
]]>
            </full-stacktrace>
          </exception> <!-- java.lang.AssertionError -->
          <reporter-output>
          </reporter-output>
        </test-method> <!-- login_ActiTime -->
        <test-method is-config="true" signature="closeConnection()[pri:0, instance:common_tests.CommonTest@157853da]" started-at="2022-06-26T07:43:53 IST" name="closeConnection" finished-at="2022-06-26T07:43:59 IST" duration-ms="6083" status="PASS">
          <reporter-output>
          </reporter-output>
        </test-method> <!-- closeConnection -->
      </class> <!-- common_tests.CommonTest -->
      <class name="enter_TimeTrack.CreateCustomer">
        <test-method is-config="true" signature="be_in_Tasks()[pri:0, instance:enter_TimeTrack.CreateCustomer@71c3b41]" started-at="2022-06-26T07:43:02 IST" name="be_in_Tasks" finished-at="2022-06-26T07:43:06 IST" duration-ms="3771" status="PASS">
          <reporter-output>
          </reporter-output>
        </test-method> <!-- be_in_Tasks -->
        <test-method is-config="true" signature="setUpTestCase(java.lang.reflect.Method)[pri:0, instance:enter_TimeTrack.CreateCustomer@71c3b41]" started-at="2022-06-26T07:43:06 IST" name="setUpTestCase" finished-at="2022-06-26T07:43:06 IST" duration-ms="1" status="PASS">
          <params>
            <param index="0">
              <value>
                <![CDATA[public void enter_TimeTrack.CreateCustomer.createTasks(java.lang.String) throws java.lang.InterruptedException]]>
              </value>
            </param>
          </params>
          <reporter-output>
          </reporter-output>
        </test-method> <!-- setUpTestCase -->
        <test-method signature="createTasks(java.lang.String)[pri:0, instance:enter_TimeTrack.CreateCustomer@71c3b41]" started-at="2022-06-26T07:43:06 IST" name="createTasks" data-provider="createTask" finished-at="2022-06-26T07:43:11 IST" duration-ms="5698" status="PASS">
          <params>
            <param index="0">
              <value>
                <![CDATA[Task_1_]]>
              </value>
            </param>
          </params>
          <reporter-output>
          </reporter-output>
        </test-method> <!-- createTasks -->
        <test-method is-config="true" signature="setUpTestCase(java.lang.reflect.Method)[pri:0, instance:enter_TimeTrack.CreateCustomer@71c3b41]" started-at="2022-06-26T07:43:11 IST" name="setUpTestCase" finished-at="2022-06-26T07:43:11 IST" duration-ms="1" status="PASS">
          <params>
            <param index="0">
              <value>
                <![CDATA[public void enter_TimeTrack.CreateCustomer.createTasks(java.lang.String) throws java.lang.InterruptedException]]>
              </value>
            </param>
          </params>
          <reporter-output>
          </reporter-output>
        </test-method> <!-- setUpTestCase -->
        <test-method signature="createTasks(java.lang.String)[pri:0, instance:enter_TimeTrack.CreateCustomer@71c3b41]" started-at="2022-06-26T07:43:11 IST" name="createTasks" data-provider="createTask" finished-at="2022-06-26T07:43:17 IST" duration-ms="5840" status="PASS">
          <params>
            <param index="0">
              <value>
                <![CDATA[Task_2_]]>
              </value>
            </param>
          </params>
          <reporter-output>
          </reporter-output>
        </test-method> <!-- createTasks -->
        <test-method signature="createTasks(java.lang.String)[pri:0, instance:enter_TimeTrack.CreateCustomer@71c3b41]" started-at="2022-06-26T07:43:17 IST" name="createTasks" data-provider="createTask" finished-at="2022-06-26T07:43:23 IST" duration-ms="5789" status="PASS">
          <params>
            <param index="0">
              <value>
                <![CDATA[Task_3_]]>
              </value>
            </param>
          </params>
          <reporter-output>
          </reporter-output>
        </test-method> <!-- createTasks -->
        <test-method is-config="true" signature="setUpTestCase(java.lang.reflect.Method)[pri:0, instance:enter_TimeTrack.CreateCustomer@71c3b41]" started-at="2022-06-26T07:43:17 IST" name="setUpTestCase" finished-at="2022-06-26T07:43:17 IST" duration-ms="0" status="PASS">
          <params>
            <param index="0">
              <value>
                <![CDATA[public void enter_TimeTrack.CreateCustomer.createTasks(java.lang.String) throws java.lang.InterruptedException]]>
              </value>
            </param>
          </params>
          <reporter-output>
          </reporter-output>
        </test-method> <!-- setUpTestCase -->
        <test-method signature="createTasks(java.lang.String)[pri:0, instance:enter_TimeTrack.CreateCustomer@71c3b41]" started-at="2022-06-26T07:43:23 IST" name="createTasks" data-provider="createTask" finished-at="2022-06-26T07:43:29 IST" duration-ms="5770" status="PASS">
          <params>
            <param index="0">
              <value>
                <![CDATA[Task_4_]]>
              </value>
            </param>
          </params>
          <reporter-output>
          </reporter-output>
        </test-method> <!-- createTasks -->
        <test-method is-config="true" signature="setUpTestCase(java.lang.reflect.Method)[pri:0, instance:enter_TimeTrack.CreateCustomer@71c3b41]" started-at="2022-06-26T07:43:23 IST" name="setUpTestCase" finished-at="2022-06-26T07:43:23 IST" duration-ms="0" status="PASS">
          <params>
            <param index="0">
              <value>
                <![CDATA[public void enter_TimeTrack.CreateCustomer.createTasks(java.lang.String) throws java.lang.InterruptedException]]>
              </value>
            </param>
          </params>
          <reporter-output>
          </reporter-output>
        </test-method> <!-- setUpTestCase -->
        <test-method signature="createTasks(java.lang.String)[pri:0, instance:enter_TimeTrack.CreateCustomer@71c3b41]" started-at="2022-06-26T07:43:29 IST" name="createTasks" data-provider="createTask" finished-at="2022-06-26T07:43:34 IST" duration-ms="5740" status="PASS">
          <params>
            <param index="0">
              <value>
                <![CDATA[Task_5_]]>
              </value>
            </param>
          </params>
          <reporter-output>
          </reporter-output>
        </test-method> <!-- createTasks -->
        <test-method is-config="true" signature="setUpTestCase(java.lang.reflect.Method)[pri:0, instance:enter_TimeTrack.CreateCustomer@71c3b41]" started-at="2022-06-26T07:43:29 IST" name="setUpTestCase" finished-at="2022-06-26T07:43:29 IST" duration-ms="0" status="PASS">
          <params>
            <param index="0">
              <value>
                <![CDATA[public void enter_TimeTrack.CreateCustomer.createTasks(java.lang.String) throws java.lang.InterruptedException]]>
              </value>
            </param>
          </params>
          <reporter-output>
          </reporter-output>
        </test-method> <!-- setUpTestCase -->
      </class> <!-- enter_TimeTrack.CreateCustomer -->
    </test> <!-- Test1 -->
  </suite> <!-- ActiTime_Suite -->
</testng-results>
